1624292324439	geckodriver	INFO	Listening on 127.0.0.1:52701
1624292325445	mozrunner::runner	INFO	Running command: "/usr/bin/firefox" "--marionette" "-foreground" "-no-remote" "-profile" "/tmp/rust_mozprofiledDT1TC"
1624292326117	Marionette	INFO	Marionette enabled
console.info: MINT: Trying to use the system region (based on LANG).
console.info: MINT: System region is RU
console.warn: SearchSettings: "get: No settings file exists, new profile?" (new NotFoundError("Could not open the file at /tmp/rust_mozprofiledDT1TC/search.json.mozlz4", (void 0)))
console.info: MINT: Loading search-config defaults.
JavaScript error: resource://gre/modules/TelemetryUtils.jsm, line 154: TypeError: date is undefined
1624292327560	Marionette	INFO	Listening on port 42927
1624292327669	Marionette	WARN	TLS certificate errors will be ignored for this session
1624292327832	Marionette	INFO	Stopped listening on port 42927

###!!! [Parent][RunMessage] Error: Channel closing: too late to send/recv, messages will be lost

1624292328312	geckodriver	INFO	Listening on 127.0.0.1:52161
1624292329316	mozrunner::runner	INFO	Running command: "/usr/bin/firefox" "--marionette" "-foreground" "-no-remote" "-profile" "/tmp/rust_mozprofileI8Dcps"
1624292330011	Marionette	INFO	Marionette enabled
console.info: MINT: Trying to use the system region (based on LANG).
console.info: MINT: System region is RU
console.warn: SearchSettings: "get: No settings file exists, new profile?" (new NotFoundError("Could not open the file at /tmp/rust_mozprofileI8Dcps/search.json.mozlz4", (void 0)))
console.info: MINT: Loading search-config defaults.
JavaScript error: resource://gre/modules/TelemetryUtils.jsm, line 154: TypeError: date is undefined
1624292331303	Marionette	INFO	Listening on port 46573
1624292331336	Marionette	WARN	TLS certificate errors will be ignored for this session
1624292331501	Marionette	INFO	Stopped listening on port 46573
console.warn: services.settings: main/message-groups sync interrupted by shutdown
1624292588807	geckodriver	INFO	Listening on 127.0.0.1:50575
1624292588811	mozrunner::runner	INFO	Running command: "/usr/bin/firefox" "--marionette" "-foreground" "-no-remote" "-profile" "/tmp/rust_mozprofilek4hk7K"
1624292589473	Marionette	INFO	Marionette enabled
console.info: MINT: Trying to use the system region (based on LANG).
console.info: MINT: System region is RU
console.warn: SearchSettings: "get: No settings file exists, new profile?" (new NotFoundError("Could not open the file at /tmp/rust_mozprofilek4hk7K/search.json.mozlz4", (void 0)))
console.info: MINT: Loading search-config defaults.
JavaScript error: resource://gre/modules/TelemetryUtils.jsm, line 154: TypeError: date is undefined
1624292591283	Marionette	INFO	Listening on port 38611
1624292591333	Marionette	WARN	TLS certificate errors will be ignored for this session
1624292594517	Marionette	INFO	Stopped listening on port 38611

###!!! [Parent][RunMessage] Error: Channel closing: too late to send/recv, messages will be lost

1624292595031	geckodriver	INFO	Listening on 127.0.0.1:56325
1624292595043	mozrunner::runner	INFO	Running command: "/usr/bin/firefox" "--marionette" "-foreground" "-no-remote" "-profile" "/tmp/rust_mozprofileApL1eL"
1624292595715	Marionette	INFO	Marionette enabled
console.info: MINT: Trying to use the system region (based on LANG).
console.info: MINT: System region is RU
console.warn: SearchSettings: "get: No settings file exists, new profile?" (new NotFoundError("Could not open the file at /tmp/rust_mozprofileApL1eL/search.json.mozlz4", (void 0)))
console.info: MINT: Loading search-config defaults.
JavaScript error: resource://gre/modules/TelemetryUtils.jsm, line 154: TypeError: date is undefined
1624292597227	Marionette	INFO	Listening on port 34017
1624292597264	Marionette	WARN	TLS certificate errors will be ignored for this session
1624292600625	Marionette	INFO	Stopped listening on port 34017

###!!! [Parent][RunMessage] Error: Channel closing: too late to send/recv, messages will be lost

1624293126344	geckodriver	INFO	Listening on 127.0.0.1:45943
1624293126349	mozrunner::runner	INFO	Running command: "/usr/bin/firefox" "--marionette" "-foreground" "-no-remote" "-profile" "/tmp/rust_mozprofilemfsODY"
1624293127010	Marionette	INFO	Marionette enabled
console.info: MINT: Trying to use the system region (based on LANG).
console.info: MINT: System region is RU
console.warn: SearchSettings: "get: No settings file exists, new profile?" (new NotFoundError("Could not open the file at /tmp/rust_mozprofilemfsODY/search.json.mozlz4", (void 0)))
console.info: MINT: Loading search-config defaults.
JavaScript error: resource://gre/modules/TelemetryUtils.jsm, line 154: TypeError: date is undefined
1624293128457	Marionette	INFO	Listening on port 35399
1624293128569	Marionette	WARN	TLS certificate errors will be ignored for this session
1624293131215	Marionette	INFO	Stopped listening on port 35399
1624293131718	geckodriver	INFO	Listening on 127.0.0.1:42965
1624293132730	mozrunner::runner	INFO	Running command: "/usr/bin/firefox" "--marionette" "-foreground" "-no-remote" "-profile" "/tmp/rust_mozprofile19MFQu"
1624293133408	Marionette	INFO	Marionette enabled
console.info: MINT: Trying to use the system region (based on LANG).
console.info: MINT: System region is RU
console.warn: SearchSettings: "get: No settings file exists, new profile?" (new NotFoundError("Could not open the file at /tmp/rust_mozprofile19MFQu/search.json.mozlz4", (void 0)))
console.info: MINT: Loading search-config defaults.
JavaScript error: resource://gre/modules/TelemetryUtils.jsm, line 154: TypeError: date is undefined
1624293134822	Marionette	INFO	Listening on port 41137
1624293134853	Marionette	WARN	TLS certificate errors will be ignored for this session
1624293138059	Marionette	INFO	Stopped listening on port 41137

###!!! [Parent][RunMessage] Error: Channel closing: too late to send/recv, messages will be lost

